New log file opened at Tue Oct 20 16:01:46 BST 2015 by 3480@paul
Sending msg to client play-fork-run-1f346e42-fdf7-4fd2-a587-cb07cd06a6a9: DetachedLogEvent(LogMessage(debug,sbt server socket logs are in: C:\Users\Paul\Documents\GitHub\pandr\.sbtserver\connections\master.log))
Sending msg to client play-fork-run-1f346e42-fdf7-4fd2-a587-cb07cd06a6a9: DetachedLogEvent(LogMessage(debug,sbt client logs are in: C:\Users\Paul\Documents\GitHub\pandr\.sbtserver\connections\play-fork-run-1f346e42-fdf7-4fd2-a587-cb07cd06a6a9.log))
Sending msg to client play-fork-run-1f346e42-fdf7-4fd2-a587-cb07cd06a6a9: DetachedLogEvent(LogMessage(debug,sbt general server logs are in: C:\Users\Paul\Documents\GitHub\pandr\.sbtserver\master.log))
Reading next message from client.
Got request: DaemonRequest(true)
Reading next message from client.
Sending msg to client play-fork-run-1f346e42-fdf7-4fd2-a587-cb07cd06a6a9: (3,ReceivedResponse())
Got request: ListenToEvents()
Reading next message from client.
Sending msg to client play-fork-run-1f346e42-fdf7-4fd2-a587-cb07cd06a6a9: BackgroundJobStarted(5,BackgroundJobInfo(1,backgroundRun,AttributeKey[sbt.BackgroundJobHandle]("backgroundRun") in Scope(Build: file:/C:/Users/Paul/Documents/GitHub/pandr/, , Project: ProjectReference(file:/C:/Users/Paul/Documents/GitHub/pandr/,root), Config: compile)))
Sending msg to client play-fork-run-1f346e42-fdf7-4fd2-a587-cb07cd06a6a9: (4,ReceivedResponse())
Got request: KeyLookupRequest(root/playForkConfig)
Reading next message from client.
Sending msg to client play-fork-run-1f346e42-fdf7-4fd2-a587-cb07cd06a6a9: (5,KeyLookupResponse(root/playForkConfig,Vector(AttributeKey[play.forkrun.protocol.ForkConfig]("playForkConfig") in Scope(Build: file:/C:/Users/Paul/Documents/GitHub/pandr/, , Project: ProjectReference(file:/C:/Users/Paul/Documents/GitHub/pandr/,root)))))
Got request: ListenToValue(AttributeKey[play.forkrun.protocol.ForkConfig]("playForkConfig") in Scope(Build: file:/C:/Users/Paul/Documents/GitHub/pandr/, , Project: ProjectReference(file:/C:/Users/Paul/Documents/GitHub/pandr/,root)))
Reading next message from client.
Sending msg to client play-fork-run-1f346e42-fdf7-4fd2-a587-cb07cd06a6a9: (6,ReceivedResponse())
Got request: KeyExecutionRequest(AttributeKey[play.forkrun.protocol.ForkConfig]("playForkConfig") in Scope(Build: file:/C:/Users/Paul/Documents/GitHub/pandr/, , Project: ProjectReference(file:/C:/Users/Paul/Documents/GitHub/pandr/,root)))
Reading next message from client.
Sending msg to client play-fork-run-1f346e42-fdf7-4fd2-a587-cb07cd06a6a9: (7,ExecutionRequestReceived(6))
Sending msg to client play-fork-run-1f346e42-fdf7-4fd2-a587-cb07cd06a6a9: ExecutionWaiting(6,{file:/C:/Users/Paul/Documents/GitHub/pandr/}root/*:playForkConfig,ClientInfo(1f346e42-fdf7-4fd2-a587-cb07cd06a6a9,play-fork-run,Play Fork Run,1,Vector()))
Sending msg to client play-fork-run-1f346e42-fdf7-4fd2-a587-cb07cd06a6a9: ExecutionStarting(6)
Sending msg to client play-fork-run-1f346e42-fdf7-4fd2-a587-cb07cd06a6a9: DetachedLogEvent(LogMessage(debug,> {file:/C:/Users/Paul/Documents/GitHub/pandr/}root/*:playForkConfig))
Sending msg to client play-fork-run-1f346e42-fdf7-4fd2-a587-cb07cd06a6a9: DetachedLogEvent(LogMessage(debug,Evaluating tasks: *:playForkConfig))
Sending msg to client play-fork-run-1f346e42-fdf7-4fd2-a587-cb07cd06a6a9: DetachedLogEvent(LogMessage(debug,Running task... Cancel: sbt.server.ServerTaskCancellation@305702cf, check cycles: false))
Sending msg to client play-fork-run-1f346e42-fdf7-4fd2-a587-cb07cd06a6a9: DetachedLogEvent(LogMessage(debug,cancel strategy start enabled=true lastCommand=Some(LastCommand(CommandExecutionWork(ExecutionId(6),{file:/C:/Users/Paul/Documents/GitHub/pandr/}root/*:playForkConfig,Set(LiveClient(play-fork-run 1f346e42-fdf7-4fd2-a587-cb07cd06a6a9)),sbt.server.WorkCancellationStatus$$anon$1@73042102)))))
Sending msg to client play-fork-run-1f346e42-fdf7-4fd2-a587-cb07cd06a6a9: TaskStarted(6,443,Some(AttributeKey[scala.Option[java.lang.String]]("mainClass") in Scope(Build: file:/C:/Users/Paul/Documents/GitHub/pandr/, , Project: ProjectReference(file:/C:/Users/Paul/Documents/GitHub/pandr/,root), Config: compile, Task: AttributeKey[void]("run"))))
Sending msg to client play-fork-run-1f346e42-fdf7-4fd2-a587-cb07cd06a6a9: TaskStarted(6,445,Some(AttributeKey[scala.Tuple2[java.lang.String,java.io.File]]("playPrefixAndAssets") in Scope(Build: file:/C:/Users/Paul/Documents/GitHub/pandr/, , Project: ProjectReference(file:/C:/Users/Paul/Documents/GitHub/pandr/,root))))
Sending msg to client play-fork-run-1f346e42-fdf7-4fd2-a587-cb07cd06a6a9: TaskStarted(6,450,None)
Sending msg to client play-fork-run-1f346e42-fdf7-4fd2-a587-cb07cd06a6a9: TaskStarted(6,454,None)
Sending msg to client play-fork-run-1f346e42-fdf7-4fd2-a587-cb07cd06a6a9: TaskStarted(6,455,Some(AttributeKey[java.lang.String]("updateCacheName") in Scope(Build: file:/C:/Users/Paul/Documents/GitHub/pandr/, , Project: ProjectReference(file:/C:/Users/Paul/Documents/GitHub/pandr/,root))))
Sending msg to client play-fork-run-1f346e42-fdf7-4fd2-a587-cb07cd06a6a9: TaskStarted(6,456,None)
Sending msg to client play-fork-run-1f346e42-fdf7-4fd2-a587-cb07cd06a6a9: TaskStarted(6,459,None)
Sending msg to client play-fork-run-1f346e42-fdf7-4fd2-a587-cb07cd06a6a9: TaskStarted(6,462,Some(AttributeKey[boolean]("skip") in Scope(Global)))
Sending msg to client play-fork-run-1f346e42-fdf7-4fd2-a587-cb07cd06a6a9: TaskStarted(6,464,None)
Sending msg to client play-fork-run-1f346e42-fdf7-4fd2-a587-cb07cd06a6a9: TaskStarted(6,465,None)
Sending msg to client play-fork-run-1f346e42-fdf7-4fd2-a587-cb07cd06a6a9: TaskStarted(6,469,Some(AttributeKey[scala.collection.Seq[sbt.Credentials]]("credentials") in Scope(Global)))
Sending msg to client play-fork-run-1f346e42-fdf7-4fd2-a587-cb07cd06a6a9: TaskStarted(6,473,Some(AttributeKey[scala.collection.Seq[sbt.Resolver]]("externalResolvers") in Scope(Build: file:/C:/Users/Paul/Documents/GitHub/pandr/, , Project: ProjectReference(file:/C:/Users/Paul/Documents/GitHub/pandr/,root))))
Sending msg to client play-fork-run-1f346e42-fdf7-4fd2-a587-cb07cd06a6a9: TaskStarted(6,477,Some(AttributeKey[scala.Option[scala.collection.Seq[sbt.Resolver]]]("bootResolvers") in Scope(Build: file:/C:/Users/Paul/Documents/GitHub/pandr/, , Project: ProjectReference(file:/C:/Users/Paul/Documents/GitHub/pandr/,root))))
Sending msg to client play-fork-run-1f346e42-fdf7-4fd2-a587-cb07cd06a6a9: TaskStarted(6,483,None)
Sending msg to client play-fork-run-1f346e42-fdf7-4fd2-a587-cb07cd06a6a9: TaskStarted(6,496,None)
Sending msg to client play-fork-run-1f346e42-fdf7-4fd2-a587-cb07cd06a6a9: TaskStarted(6,497,Some(AttributeKey[scala.collection.Seq[java.lang.String]]("javaOptions") in Scope(Global)))
Sending msg to client play-fork-run-1f346e42-fdf7-4fd2-a587-cb07cd06a6a9: TaskFinished(6,443,Some(AttributeKey[scala.Option[java.lang.String]]("mainClass") in Scope(Build: file:/C:/Users/Paul/Documents/GitHub/pandr/, , Project: ProjectReference(file:/C:/Users/Paul/Documents/GitHub/pandr/,root), Config: compile, Task: AttributeKey[void]("run"))),true,None)
Sending msg to client play-fork-run-1f346e42-fdf7-4fd2-a587-cb07cd06a6a9: TaskFinished(6,445,Some(AttributeKey[scala.Tuple2[java.lang.String,java.io.File]]("playPrefixAndAssets") in Scope(Build: file:/C:/Users/Paul/Documents/GitHub/pandr/, , Project: ProjectReference(file:/C:/Users/Paul/Documents/GitHub/pandr/,root))),true,None)
Sending msg to client play-fork-run-1f346e42-fdf7-4fd2-a587-cb07cd06a6a9: TaskStarted(6,444,Some(AttributeKey[scala.collection.Seq[scala.Tuple2[java.lang.String,java.io.File]]]("playAllAssets") in Scope(Build: file:/C:/Users/Paul/Documents/GitHub/pandr/, , Project: ProjectReference(file:/C:/Users/Paul/Documents/GitHub/pandr/,root))))
Sending msg to client play-fork-run-1f346e42-fdf7-4fd2-a587-cb07cd06a6a9: TaskFinished(6,450,None,true,None)
Sending msg to client play-fork-run-1f346e42-fdf7-4fd2-a587-cb07cd06a6a9: TaskFinished(6,454,None,true,None)
Sending msg to client play-fork-run-1f346e42-fdf7-4fd2-a587-cb07cd06a6a9: TaskStarted(6,453,None)
Sending msg to client play-fork-run-1f346e42-fdf7-4fd2-a587-cb07cd06a6a9: TaskStarted(6,457,None)
Sending msg to client play-fork-run-1f346e42-fdf7-4fd2-a587-cb07cd06a6a9: TaskStarted(6,468,None)
Sending msg to client play-fork-run-1f346e42-fdf7-4fd2-a587-cb07cd06a6a9: TaskStarted(6,471,None)
Sending msg to client play-fork-run-1f346e42-fdf7-4fd2-a587-cb07cd06a6a9: TaskStarted(6,476,None)
Sending msg to client play-fork-run-1f346e42-fdf7-4fd2-a587-cb07cd06a6a9: TaskStarted(6,485,None)
Sending msg to client play-fork-run-1f346e42-fdf7-4fd2-a587-cb07cd06a6a9: TaskStarted(6,489,None)
Sending msg to client play-fork-run-1f346e42-fdf7-4fd2-a587-cb07cd06a6a9: TaskStarted(6,491,None)
Sending msg to client play-fork-run-1f346e42-fdf7-4fd2-a587-cb07cd06a6a9: TaskFinished(6,455,Some(AttributeKey[java.lang.String]("updateCacheName") in Scope(Build: file:/C:/Users/Paul/Documents/GitHub/pandr/, , Project: ProjectReference(file:/C:/Users/Paul/Documents/GitHub/pandr/,root))),true,None)
Sending msg to client play-fork-run-1f346e42-fdf7-4fd2-a587-cb07cd06a6a9: TaskFinished(6,456,None,true,None)
Sending msg to client play-fork-run-1f346e42-fdf7-4fd2-a587-cb07cd06a6a9: TaskStarted(6,461,Some(AttributeKey[sbt.BuildStructure]("buildStructure") in Scope(Global)))
Sending msg to client play-fork-run-1f346e42-fdf7-4fd2-a587-cb07cd06a6a9: TaskStarted(6,481,Some(AttributeKey[java.io.File]("dependencyCacheDirectory") in Scope(Build: file:/C:/Users/Paul/Documents/GitHub/pandr/, , Project: ProjectReference(file:/C:/Users/Paul/Documents/GitHub/pandr/,root))))
Sending msg to client play-fork-run-1f346e42-fdf7-4fd2-a587-cb07cd06a6a9: TaskFinished(6,459,None,true,None)
Sending msg to client play-fork-run-1f346e42-fdf7-4fd2-a587-cb07cd06a6a9: TaskFinished(6,462,Some(AttributeKey[boolean]("skip") in Scope(Global)),true,None)
Sending msg to client play-fork-run-1f346e42-fdf7-4fd2-a587-cb07cd06a6a9: TaskFinished(6,464,None,true,None)
Sending msg to client play-fork-run-1f346e42-fdf7-4fd2-a587-cb07cd06a6a9: TaskFinished(6,465,None,true,None)
Sending msg to client play-fork-run-1f346e42-fdf7-4fd2-a587-cb07cd06a6a9: TaskStarted(6,463,Some(AttributeKey[scala.collection.Seq[sbt.UpdateReport]]("transitiveUpdate") in Scope(Build: file:/C:/Users/Paul/Documents/GitHub/pandr/, , Project: ProjectReference(file:/C:/Users/Paul/Documents/GitHub/pandr/,root))))
Sending msg to client play-fork-run-1f346e42-fdf7-4fd2-a587-cb07cd06a6a9: TaskFinished(6,469,Some(AttributeKey[scala.collection.Seq[sbt.Credentials]]("credentials") in Scope(Global)),true,None)
Sending msg to client play-fork-run-1f346e42-fdf7-4fd2-a587-cb07cd06a6a9: TaskFinished(6,477,Some(AttributeKey[scala.Option[scala.collection.Seq[sbt.Resolver]]]("bootResolvers") in Scope(Build: file:/C:/Users/Paul/Documents/GitHub/pandr/, , Project: ProjectReference(file:/C:/Users/Paul/Documents/GitHub/pandr/,root))),true,None)
Sending msg to client play-fork-run-1f346e42-fdf7-4fd2-a587-cb07cd06a6a9: TaskFinished(6,473,Some(AttributeKey[scala.collection.Seq[sbt.Resolver]]("externalResolvers") in Scope(Build: file:/C:/Users/Paul/Documents/GitHub/pandr/, , Project: ProjectReference(file:/C:/Users/Paul/Documents/GitHub/pandr/,root))),true,None)
Sending msg to client play-fork-run-1f346e42-fdf7-4fd2-a587-cb07cd06a6a9: TaskFinished(6,496,None,true,None)
Sending msg to client play-fork-run-1f346e42-fdf7-4fd2-a587-cb07cd06a6a9: TaskFinished(6,497,Some(AttributeKey[scala.collection.Seq[java.lang.String]]("javaOptions") in Scope(Global)),true,None)
Sending msg to client play-fork-run-1f346e42-fdf7-4fd2-a587-cb07cd06a6a9: TaskFinished(6,483,None,true,None)
Sending msg to client play-fork-run-1f346e42-fdf7-4fd2-a587-cb07cd06a6a9: TaskFinished(6,444,Some(AttributeKey[scala.collection.Seq[scala.Tuple2[java.lang.String,java.io.File]]]("playAllAssets") in Scope(Build: file:/C:/Users/Paul/Documents/GitHub/pandr/, , Project: ProjectReference(file:/C:/Users/Paul/Documents/GitHub/pandr/,root))),true,None)
Sending msg to client play-fork-run-1f346e42-fdf7-4fd2-a587-cb07cd06a6a9: TaskFinished(6,453,None,true,None)
Sending msg to client play-fork-run-1f346e42-fdf7-4fd2-a587-cb07cd06a6a9: TaskStarted(6,452,Some(AttributeKey[scala.collection.immutable.Map[sbt.ModuleID,sbt.SourcePosition]]("dependencyPositions") in Scope(Build: file:/C:/Users/Paul/Documents/GitHub/pandr/, , Project: ProjectReference(file:/C:/Users/Paul/Documents/GitHub/pandr/,root))))
Sending msg to client play-fork-run-1f346e42-fdf7-4fd2-a587-cb07cd06a6a9: TaskFinished(6,457,None,true,None)
Sending msg to client play-fork-run-1f346e42-fdf7-4fd2-a587-cb07cd06a6a9: TaskFinished(6,471,None,true,None)
Sending msg to client play-fork-run-1f346e42-fdf7-4fd2-a587-cb07cd06a6a9: TaskFinished(6,476,None,true,None)
Sending msg to client play-fork-run-1f346e42-fdf7-4fd2-a587-cb07cd06a6a9: TaskFinished(6,485,None,true,None)
Sending msg to client play-fork-run-1f346e42-fdf7-4fd2-a587-cb07cd06a6a9: TaskFinished(6,489,None,true,None)
Sending msg to client play-fork-run-1f346e42-fdf7-4fd2-a587-cb07cd06a6a9: TaskFinished(6,491,None,true,None)
Sending msg to client play-fork-run-1f346e42-fdf7-4fd2-a587-cb07cd06a6a9: TaskFinished(6,461,Some(AttributeKey[sbt.BuildStructure]("buildStructure") in Scope(Global)),true,None)
Sending msg to client play-fork-run-1f346e42-fdf7-4fd2-a587-cb07cd06a6a9: TaskStarted(6,460,Some(AttributeKey[sbt.Settings[sbt.Scope]]("settingsData") in Scope(Global)))
Sending msg to client play-fork-run-1f346e42-fdf7-4fd2-a587-cb07cd06a6a9: TaskFinished(6,468,None,true,None)
Sending msg to client play-fork-run-1f346e42-fdf7-4fd2-a587-cb07cd06a6a9: TaskFinished(6,481,Some(AttributeKey[java.io.File]("dependencyCacheDirectory") in Scope(Build: file:/C:/Users/Paul/Documents/GitHub/pandr/, , Project: ProjectReference(file:/C:/Users/Paul/Documents/GitHub/pandr/,root))),true,None)
Sending msg to client play-fork-run-1f346e42-fdf7-4fd2-a587-cb07cd06a6a9: TaskFinished(6,463,Some(AttributeKey[scala.collection.Seq[sbt.UpdateReport]]("transitiveUpdate") in Scope(Build: file:/C:/Users/Paul/Documents/GitHub/pandr/, , Project: ProjectReference(file:/C:/Users/Paul/Documents/GitHub/pandr/,root))),true,None)
Sending msg to client play-fork-run-1f346e42-fdf7-4fd2-a587-cb07cd06a6a9: TaskFinished(6,452,Some(AttributeKey[scala.collection.immutable.Map[sbt.ModuleID,sbt.SourcePosition]]("dependencyPositions") in Scope(Build: file:/C:/Users/Paul/Documents/GitHub/pandr/, , Project: ProjectReference(file:/C:/Users/Paul/Documents/GitHub/pandr/,root))),true,None)
Sending msg to client play-fork-run-1f346e42-fdf7-4fd2-a587-cb07cd06a6a9: TaskStarted(6,451,Some(AttributeKey[sbt.UnresolvedWarningConfiguration]("unresolvedWarningConfiguration") in Scope(Build: file:/C:/Users/Paul/Documents/GitHub/pandr/, , Project: ProjectReference(file:/C:/Users/Paul/Documents/GitHub/pandr/,root), Task: AttributeKey[sbt.UpdateReport]("update"))))
Sending msg to client play-fork-run-1f346e42-fdf7-4fd2-a587-cb07cd06a6a9: TaskFinished(6,460,Some(AttributeKey[sbt.Settings[sbt.Scope]]("settingsData") in Scope(Global)),true,None)
Sending msg to client play-fork-run-1f346e42-fdf7-4fd2-a587-cb07cd06a6a9: TaskStarted(6,458,None)
Sending msg to client play-fork-run-1f346e42-fdf7-4fd2-a587-cb07cd06a6a9: TaskStarted(6,475,Some(AttributeKey[scala.collection.immutable.Map[org.apache.ivy.core.module.id.ModuleRevisionId,org.apache.ivy.core.module.descriptor.ModuleDescriptor]]("projectDescriptors") in Scope(Build: file:/C:/Users/Paul/Documents/GitHub/pandr/, , Project: ProjectReference(file:/C:/Users/Paul/Documents/GitHub/pandr/,root))))
Sending msg to client play-fork-run-1f346e42-fdf7-4fd2-a587-cb07cd06a6a9: TaskStarted(6,480,Some(AttributeKey[scala.collection.Seq[sbt.ModuleID]]("projectDependencies") in Scope(Build: file:/C:/Users/Paul/Documents/GitHub/pandr/, , Project: ProjectReference(file:/C:/Users/Paul/Documents/GitHub/pandr/,root))))
Sending msg to client play-fork-run-1f346e42-fdf7-4fd2-a587-cb07cd06a6a9: TaskStarted(6,482,Some(AttributeKey[scala.collection.Seq[java.io.File]]("playMonitoredFiles") in Scope(Build: file:/C:/Users/Paul/Documents/GitHub/pandr/, , Project: ProjectReference(file:/C:/Users/Paul/Documents/GitHub/pandr/,root))))
Sending msg to client play-fork-run-1f346e42-fdf7-4fd2-a587-cb07cd06a6a9: TaskStarted(6,488,None)
Sending msg to client play-fork-run-1f346e42-fdf7-4fd2-a587-cb07cd06a6a9: TaskFinished(6,451,Some(AttributeKey[sbt.UnresolvedWarningConfiguration]("unresolvedWarningConfiguration") in Scope(Build: file:/C:/Users/Paul/Documents/GitHub/pandr/, , Project: ProjectReference(file:/C:/Users/Paul/Documents/GitHub/pandr/,root), Task: AttributeKey[sbt.UpdateReport]("update"))),true,None)
Sending msg to client play-fork-run-1f346e42-fdf7-4fd2-a587-cb07cd06a6a9: TaskStarted(6,498,None)
Sending msg to client play-fork-run-1f346e42-fdf7-4fd2-a587-cb07cd06a6a9: TaskStarted(6,500,None)
Sending msg to client play-fork-run-1f346e42-fdf7-4fd2-a587-cb07cd06a6a9: TaskFinished(6,480,Some(AttributeKey[scala.collection.Seq[sbt.ModuleID]]("projectDependencies") in Scope(Build: file:/C:/Users/Paul/Documents/GitHub/pandr/, , Project: ProjectReference(file:/C:/Users/Paul/Documents/GitHub/pandr/,root))),true,None)
Sending msg to client play-fork-run-1f346e42-fdf7-4fd2-a587-cb07cd06a6a9: TaskStarted(6,479,Some(AttributeKey[scala.collection.Seq[sbt.ModuleID]]("allDependencies") in Scope(Build: file:/C:/Users/Paul/Documents/GitHub/pandr/, , Project: ProjectReference(file:/C:/Users/Paul/Documents/GitHub/pandr/,root))))
Sending msg to client play-fork-run-1f346e42-fdf7-4fd2-a587-cb07cd06a6a9: TaskStarted(6,501,None)
Sending msg to client play-fork-run-1f346e42-fdf7-4fd2-a587-cb07cd06a6a9: TaskStarted(6,506,None)
Sending msg to client play-fork-run-1f346e42-fdf7-4fd2-a587-cb07cd06a6a9: TaskStarted(6,508,None)
Sending msg to client play-fork-run-1f346e42-fdf7-4fd2-a587-cb07cd06a6a9: TaskStarted(6,509,None)
Sending msg to client play-fork-run-1f346e42-fdf7-4fd2-a587-cb07cd06a6a9: TaskStarted(6,511,None)
Sending msg to client play-fork-run-1f346e42-fdf7-4fd2-a587-cb07cd06a6a9: TaskStarted(6,512,None)
Sending msg to client play-fork-run-1f346e42-fdf7-4fd2-a587-cb07cd06a6a9: TaskFinished(6,498,None,true,None)
Sending msg to client play-fork-run-1f346e42-fdf7-4fd2-a587-cb07cd06a6a9: TaskFinished(6,458,None,true,None)
Sending msg to client play-fork-run-1f346e42-fdf7-4fd2-a587-cb07cd06a6a9: TaskFinished(6,500,None,true,None)
Sending msg to client play-fork-run-1f346e42-fdf7-4fd2-a587-cb07cd06a6a9: TaskStarted(6,499,None)
Sending msg to client play-fork-run-1f346e42-fdf7-4fd2-a587-cb07cd06a6a9: TaskFinished(6,479,Some(AttributeKey[scala.collection.Seq[sbt.ModuleID]]("allDependencies") in Scope(Build: file:/C:/Users/Paul/Documents/GitHub/pandr/, , Project: ProjectReference(file:/C:/Users/Paul/Documents/GitHub/pandr/,root))),true,None)
Sending msg to client play-fork-run-1f346e42-fdf7-4fd2-a587-cb07cd06a6a9: TaskStarted(6,478,Some(AttributeKey[sbt.ModuleSettings]("moduleSettings") in Scope(Build: file:/C:/Users/Paul/Documents/GitHub/pandr/, , Project: ProjectReference(file:/C:/Users/Paul/Documents/GitHub/pandr/,root))))
Sending msg to client play-fork-run-1f346e42-fdf7-4fd2-a587-cb07cd06a6a9: TaskFinished(6,501,None,true,None)
Sending msg to client play-fork-run-1f346e42-fdf7-4fd2-a587-cb07cd06a6a9: TaskFinished(6,482,Some(AttributeKey[scala.collection.Seq[java.io.File]]("playMonitoredFiles") in Scope(Build: file:/C:/Users/Paul/Documents/GitHub/pandr/, , Project: ProjectReference(file:/C:/Users/Paul/Documents/GitHub/pandr/,root))),true,None)
Sending msg to client play-fork-run-1f346e42-fdf7-4fd2-a587-cb07cd06a6a9: TaskFinished(6,509,None,true,None)
Sending msg to client play-fork-run-1f346e42-fdf7-4fd2-a587-cb07cd06a6a9: TaskFinished(6,511,None,true,None)
Sending msg to client play-fork-run-1f346e42-fdf7-4fd2-a587-cb07cd06a6a9: TaskFinished(6,512,None,true,None)
Sending msg to client play-fork-run-1f346e42-fdf7-4fd2-a587-cb07cd06a6a9: TaskStarted(6,510,Some(AttributeKey[scala.collection.Seq[sbt.Attributed[java.io.File]]]("unmanagedJars") in Scope(Build: file:/C:/Users/Paul/Documents/GitHub/pandr/, , Project: ProjectReference(file:/C:/Users/Paul/Documents/GitHub/pandr/,root), Config: runtime)))
Sending msg to client play-fork-run-1f346e42-fdf7-4fd2-a587-cb07cd06a6a9: TaskFinished(6,499,None,true,None)
Sending msg to client play-fork-run-1f346e42-fdf7-4fd2-a587-cb07cd06a6a9: TaskFinished(6,475,Some(AttributeKey[scala.collection.immutable.Map[org.apache.ivy.core.module.id.ModuleRevisionId,org.apache.ivy.core.module.descriptor.ModuleDescriptor]]("projectDescriptors") in Scope(Build: file:/C:/Users/Paul/Documents/GitHub/pandr/, , Project: ProjectReference(file:/C:/Users/Paul/Documents/GitHub/pandr/,root))),true,None)
Sending msg to client play-fork-run-1f346e42-fdf7-4fd2-a587-cb07cd06a6a9: TaskStarted(6,474,Some(AttributeKey[sbt.Resolver]("projectResolver") in Scope(Build: file:/C:/Users/Paul/Documents/GitHub/pandr/, , Project: ProjectReference(file:/C:/Users/Paul/Documents/GitHub/pandr/,root))))
Sending msg to client play-fork-run-1f346e42-fdf7-4fd2-a587-cb07cd06a6a9: TaskFinished(6,478,Some(AttributeKey[sbt.ModuleSettings]("moduleSettings") in Scope(Build: file:/C:/Users/Paul/Documents/GitHub/pandr/, , Project: ProjectReference(file:/C:/Users/Paul/Documents/GitHub/pandr/,root))),true,None)
Sending msg to client play-fork-run-1f346e42-fdf7-4fd2-a587-cb07cd06a6a9: TaskFinished(6,506,None,true,None)
Sending msg to client play-fork-run-1f346e42-fdf7-4fd2-a587-cb07cd06a6a9: TaskStarted(6,505,None)
Sending msg to client play-fork-run-1f346e42-fdf7-4fd2-a587-cb07cd06a6a9: TaskFinished(6,508,None,true,None)
Sending msg to client play-fork-run-1f346e42-fdf7-4fd2-a587-cb07cd06a6a9: TaskStarted(6,507,Some(AttributeKey[scala.collection.Seq[sbt.Attributed[java.io.File]]]("unmanagedJars") in Scope(Build: file:/C:/Users/Paul/Documents/GitHub/pandr/, , Project: ProjectReference(file:/C:/Users/Paul/Documents/GitHub/pandr/,root), Config: compile)))
Sending msg to client play-fork-run-1f346e42-fdf7-4fd2-a587-cb07cd06a6a9: TaskFinished(6,510,Some(AttributeKey[scala.collection.Seq[sbt.Attributed[java.io.File]]]("unmanagedJars") in Scope(Build: file:/C:/Users/Paul/Documents/GitHub/pandr/, , Project: ProjectReference(file:/C:/Users/Paul/Documents/GitHub/pandr/,root), Config: runtime)),true,None)
Sending msg to client play-fork-run-1f346e42-fdf7-4fd2-a587-cb07cd06a6a9: TaskFinished(6,474,Some(AttributeKey[sbt.Resolver]("projectResolver") in Scope(Build: file:/C:/Users/Paul/Documents/GitHub/pandr/, , Project: ProjectReference(file:/C:/Users/Paul/Documents/GitHub/pandr/,root))),true,None)
Sending msg to client play-fork-run-1f346e42-fdf7-4fd2-a587-cb07cd06a6a9: TaskStarted(6,472,Some(AttributeKey[scala.collection.Seq[sbt.Resolver]]("fullResolvers") in Scope(Build: file:/C:/Users/Paul/Documents/GitHub/pandr/, , Project: ProjectReference(file:/C:/Users/Paul/Documents/GitHub/pandr/,root))))
Sending msg to client play-fork-run-1f346e42-fdf7-4fd2-a587-cb07cd06a6a9: TaskStarted(6,513,None)
Sending msg to client play-fork-run-1f346e42-fdf7-4fd2-a587-cb07cd06a6a9: TaskFinished(6,507,Some(AttributeKey[scala.collection.Seq[sbt.Attributed[java.io.File]]]("unmanagedJars") in Scope(Build: file:/C:/Users/Paul/Documents/GitHub/pandr/, , Project: ProjectReference(file:/C:/Users/Paul/Documents/GitHub/pandr/,root), Config: compile)),true,None)
Sending msg to client play-fork-run-1f346e42-fdf7-4fd2-a587-cb07cd06a6a9: TaskFinished(6,472,Some(AttributeKey[scala.collection.Seq[sbt.Resolver]]("fullResolvers") in Scope(Build: file:/C:/Users/Paul/Documents/GitHub/pandr/, , Project: ProjectReference(file:/C:/Users/Paul/Documents/GitHub/pandr/,root))),true,None)
Sending msg to client play-fork-run-1f346e42-fdf7-4fd2-a587-cb07cd06a6a9: TaskStarted(6,470,Some(AttributeKey[sbt.IvyConfiguration]("ivyConfiguration") in Scope(Build: file:/C:/Users/Paul/Documents/GitHub/pandr/, , Project: ProjectReference(file:/C:/Users/Paul/Documents/GitHub/pandr/,root))))
Sending msg to client play-fork-run-1f346e42-fdf7-4fd2-a587-cb07cd06a6a9: TaskFinished(6,513,None,true,None)
Sending msg to client play-fork-run-1f346e42-fdf7-4fd2-a587-cb07cd06a6a9: TaskFinished(6,505,None,true,None)
Sending msg to client play-fork-run-1f346e42-fdf7-4fd2-a587-cb07cd06a6a9: TaskStarted(6,504,Some(AttributeKey[scala.collection.Seq[sbt.Attributed[java.io.File]]]("unmanagedJars") in Scope(Build: file:/C:/Users/Paul/Documents/GitHub/pandr/, , Project: ProjectReference(file:/C:/Users/Paul/Documents/GitHub/pandr/,root), Config: compile)))
Sending msg to client play-fork-run-1f346e42-fdf7-4fd2-a587-cb07cd06a6a9: TaskFinished(6,504,Some(AttributeKey[scala.collection.Seq[sbt.Attributed[java.io.File]]]("unmanagedJars") in Scope(Build: file:/C:/Users/Paul/Documents/GitHub/pandr/, , Project: ProjectReference(file:/C:/Users/Paul/Documents/GitHub/pandr/,root), Config: compile)),true,None)
Sending msg to client play-fork-run-1f346e42-fdf7-4fd2-a587-cb07cd06a6a9: TaskStarted(6,503,None)
Sending msg to client play-fork-run-1f346e42-fdf7-4fd2-a587-cb07cd06a6a9: TaskFinished(6,470,Some(AttributeKey[sbt.IvyConfiguration]("ivyConfiguration") in Scope(Build: file:/C:/Users/Paul/Documents/GitHub/pandr/, , Project: ProjectReference(file:/C:/Users/Paul/Documents/GitHub/pandr/,root))),true,None)
Sending msg to client play-fork-run-1f346e42-fdf7-4fd2-a587-cb07cd06a6a9: TaskStarted(6,467,Some(AttributeKey[sbt.IvySbt]("ivySbt") in Scope(Build: file:/C:/Users/Paul/Documents/GitHub/pandr/, , Project: ProjectReference(file:/C:/Users/Paul/Documents/GitHub/pandr/,root))))
Sending msg to client play-fork-run-1f346e42-fdf7-4fd2-a587-cb07cd06a6a9: TaskFinished(6,503,None,true,None)
Sending msg to client play-fork-run-1f346e42-fdf7-4fd2-a587-cb07cd06a6a9: TaskStarted(6,502,None)
Sending msg to client play-fork-run-1f346e42-fdf7-4fd2-a587-cb07cd06a6a9: TaskFinished(6,467,Some(AttributeKey[sbt.IvySbt]("ivySbt") in Scope(Build: file:/C:/Users/Paul/Documents/GitHub/pandr/, , Project: ProjectReference(file:/C:/Users/Paul/Documents/GitHub/pandr/,root))),true,None)
Sending msg to client play-fork-run-1f346e42-fdf7-4fd2-a587-cb07cd06a6a9: TaskStarted(6,466,Some(AttributeKey[sbt.IvySbt$Module]("ivyModule") in Scope(Build: file:/C:/Users/Paul/Documents/GitHub/pandr/, , Project: ProjectReference(file:/C:/Users/Paul/Documents/GitHub/pandr/,root))))
Sending msg to client play-fork-run-1f346e42-fdf7-4fd2-a587-cb07cd06a6a9: TaskFinished(6,502,None,true,None)
Sending msg to client play-fork-run-1f346e42-fdf7-4fd2-a587-cb07cd06a6a9: TaskFinished(6,488,None,true,None)
Sending msg to client play-fork-run-1f346e42-fdf7-4fd2-a587-cb07cd06a6a9: TaskStarted(6,487,Some(AttributeKey[scala.collection.Seq[sbt.Attributed[java.io.File]]]("unmanagedClasspath") in Scope(Build: file:/C:/Users/Paul/Documents/GitHub/pandr/, , Project: ProjectReference(file:/C:/Users/Paul/Documents/GitHub/pandr/,root), Config: runtime)))
Sending msg to client play-fork-run-1f346e42-fdf7-4fd2-a587-cb07cd06a6a9: TaskFinished(6,466,Some(AttributeKey[sbt.IvySbt$Module]("ivyModule") in Scope(Build: file:/C:/Users/Paul/Documents/GitHub/pandr/, , Project: ProjectReference(file:/C:/Users/Paul/Documents/GitHub/pandr/,root))),true,None)
Sending msg to client play-fork-run-1f346e42-fdf7-4fd2-a587-cb07cd06a6a9: TaskStarted(6,449,Some(AttributeKey[sbt.UpdateReport]("update") in Scope(Build: file:/C:/Users/Paul/Documents/GitHub/pandr/, , Project: ProjectReference(file:/C:/Users/Paul/Documents/GitHub/pandr/,root))))
Sending msg to client play-fork-run-1f346e42-fdf7-4fd2-a587-cb07cd06a6a9: TaskFinished(6,487,Some(AttributeKey[scala.collection.Seq[sbt.Attributed[java.io.File]]]("unmanagedClasspath") in Scope(Build: file:/C:/Users/Paul/Documents/GitHub/pandr/, , Project: ProjectReference(file:/C:/Users/Paul/Documents/GitHub/pandr/,root), Config: runtime)),true,None)
Sending msg to client play-fork-run-1f346e42-fdf7-4fd2-a587-cb07cd06a6a9: TaskFinished(6,449,Some(AttributeKey[sbt.UpdateReport]("update") in Scope(Build: file:/C:/Users/Paul/Documents/GitHub/pandr/, , Project: ProjectReference(file:/C:/Users/Paul/Documents/GitHub/pandr/,root))),true,None)
Sending msg to client play-fork-run-1f346e42-fdf7-4fd2-a587-cb07cd06a6a9: TaskStarted(6,448,Some(AttributeKey[sbt.UpdateReport]("update") in Scope(Build: file:/C:/Users/Paul/Documents/GitHub/pandr/, , Project: ProjectReference(file:/C:/Users/Paul/Documents/GitHub/pandr/,root))))
Sending msg to client play-fork-run-1f346e42-fdf7-4fd2-a587-cb07cd06a6a9: TaskFinished(6,448,Some(AttributeKey[sbt.UpdateReport]("update") in Scope(Build: file:/C:/Users/Paul/Documents/GitHub/pandr/, , Project: ProjectReference(file:/C:/Users/Paul/Documents/GitHub/pandr/,root))),true,None)
Sending msg to client play-fork-run-1f346e42-fdf7-4fd2-a587-cb07cd06a6a9: TaskStarted(6,447,Some(AttributeKey[scala.collection.Seq[sbt.Attributed[java.io.File]]]("managedClasspath") in Scope(Build: file:/C:/Users/Paul/Documents/GitHub/pandr/, , Project: ProjectReference(file:/C:/Users/Paul/Documents/GitHub/pandr/,root), Config: docs)))
Sending msg to client play-fork-run-1f346e42-fdf7-4fd2-a587-cb07cd06a6a9: TaskStarted(6,495,Some(AttributeKey[sbt.Configuration]("classpathConfiguration") in Scope(Build: file:/C:/Users/Paul/Documents/GitHub/pandr/, , Project: ProjectReference(file:/C:/Users/Paul/Documents/GitHub/pandr/,root), Config: compile)))
Sending msg to client play-fork-run-1f346e42-fdf7-4fd2-a587-cb07cd06a6a9: TaskFinished(6,495,Some(AttributeKey[sbt.Configuration]("classpathConfiguration") in Scope(Build: file:/C:/Users/Paul/Documents/GitHub/pandr/, , Project: ProjectReference(file:/C:/Users/Paul/Documents/GitHub/pandr/,root), Config: compile)),true,None)
Sending msg to client play-fork-run-1f346e42-fdf7-4fd2-a587-cb07cd06a6a9: TaskStarted(6,494,None)
Sending msg to client play-fork-run-1f346e42-fdf7-4fd2-a587-cb07cd06a6a9: TaskFinished(6,447,Some(AttributeKey[scala.collection.Seq[sbt.Attributed[java.io.File]]]("managedClasspath") in Scope(Build: file:/C:/Users/Paul/Documents/GitHub/pandr/, , Project: ProjectReference(file:/C:/Users/Paul/Documents/GitHub/pandr/,root), Config: docs)),true,None)
Sending msg to client play-fork-run-1f346e42-fdf7-4fd2-a587-cb07cd06a6a9: TaskStarted(6,446,Some(AttributeKey[scala.Option[java.io.File]]("playDocsJar") in Scope(Build: file:/C:/Users/Paul/Documents/GitHub/pandr/, , Project: ProjectReference(file:/C:/Users/Paul/Documents/GitHub/pandr/,root))))
Sending msg to client play-fork-run-1f346e42-fdf7-4fd2-a587-cb07cd06a6a9: TaskFinished(6,494,None,true,None)
Sending msg to client play-fork-run-1f346e42-fdf7-4fd2-a587-cb07cd06a6a9: TaskStarted(6,493,Some(AttributeKey[sbt.Configuration]("classpathConfiguration") in Scope(Build: file:/C:/Users/Paul/Documents/GitHub/pandr/, , Project: ProjectReference(file:/C:/Users/Paul/Documents/GitHub/pandr/,root), Config: runtime)))
Sending msg to client play-fork-run-1f346e42-fdf7-4fd2-a587-cb07cd06a6a9: TaskFinished(6,446,Some(AttributeKey[scala.Option[java.io.File]]("playDocsJar") in Scope(Build: file:/C:/Users/Paul/Documents/GitHub/pandr/, , Project: ProjectReference(file:/C:/Users/Paul/Documents/GitHub/pandr/,root))),true,None)
Sending msg to client play-fork-run-1f346e42-fdf7-4fd2-a587-cb07cd06a6a9: TaskFinished(6,493,Some(AttributeKey[sbt.Configuration]("classpathConfiguration") in Scope(Build: file:/C:/Users/Paul/Documents/GitHub/pandr/, , Project: ProjectReference(file:/C:/Users/Paul/Documents/GitHub/pandr/,root), Config: runtime)),true,None)
Sending msg to client play-fork-run-1f346e42-fdf7-4fd2-a587-cb07cd06a6a9: TaskStarted(6,492,None)
Sending msg to client play-fork-run-1f346e42-fdf7-4fd2-a587-cb07cd06a6a9: TaskFinished(6,492,None,true,None)
Sending msg to client play-fork-run-1f346e42-fdf7-4fd2-a587-cb07cd06a6a9: TaskStarted(6,490,Some(AttributeKey[scala.collection.Seq[sbt.Attributed[java.io.File]]]("managedClasspath") in Scope(Build: file:/C:/Users/Paul/Documents/GitHub/pandr/, , Project: ProjectReference(file:/C:/Users/Paul/Documents/GitHub/pandr/,root), Config: runtime)))
Sending msg to client play-fork-run-1f346e42-fdf7-4fd2-a587-cb07cd06a6a9: TaskFinished(6,490,Some(AttributeKey[scala.collection.Seq[sbt.Attributed[java.io.File]]]("managedClasspath") in Scope(Build: file:/C:/Users/Paul/Documents/GitHub/pandr/, , Project: ProjectReference(file:/C:/Users/Paul/Documents/GitHub/pandr/,root), Config: runtime)),true,None)
Sending msg to client play-fork-run-1f346e42-fdf7-4fd2-a587-cb07cd06a6a9: TaskStarted(6,486,None)
Sending msg to client play-fork-run-1f346e42-fdf7-4fd2-a587-cb07cd06a6a9: TaskFinished(6,486,None,true,None)
Sending msg to client play-fork-run-1f346e42-fdf7-4fd2-a587-cb07cd06a6a9: TaskStarted(6,484,Some(AttributeKey[scala.collection.Seq[sbt.Attributed[java.io.File]]]("playDependencyClasspath") in Scope(Build: file:/C:/Users/Paul/Documents/GitHub/pandr/, , Project: ProjectReference(file:/C:/Users/Paul/Documents/GitHub/pandr/,root))))
Sending msg to client play-fork-run-1f346e42-fdf7-4fd2-a587-cb07cd06a6a9: TaskFinished(6,484,Some(AttributeKey[scala.collection.Seq[sbt.Attributed[java.io.File]]]("playDependencyClasspath") in Scope(Build: file:/C:/Users/Paul/Documents/GitHub/pandr/, , Project: ProjectReference(file:/C:/Users/Paul/Documents/GitHub/pandr/,root))),true,None)
Sending msg to client play-fork-run-1f346e42-fdf7-4fd2-a587-cb07cd06a6a9: TaskStarted(6,442,Some(AttributeKey[play.forkrun.protocol.ForkConfig]("playForkConfig") in Scope(Build: file:/C:/Users/Paul/Documents/GitHub/pandr/, , Project: ProjectReference(file:/C:/Users/Paul/Documents/GitHub/pandr/,root))))
Sending msg to client play-fork-run-1f346e42-fdf7-4fd2-a587-cb07cd06a6a9: TaskFinished(6,442,Some(AttributeKey[play.forkrun.protocol.ForkConfig]("playForkConfig") in Scope(Build: file:/C:/Users/Paul/Documents/GitHub/pandr/, , Project: ProjectReference(file:/C:/Users/Paul/Documents/GitHub/pandr/,root))),true,None)
Sending msg to client play-fork-run-1f346e42-fdf7-4fd2-a587-cb07cd06a6a9: ValueChanged(AttributeKey[play.forkrun.protocol.ForkConfig]("playForkConfig") in Scope(Build: file:/C:/Users/Paul/Documents/GitHub/pandr/, , Project: ProjectReference(file:/C:/Users/Paul/Documents/GitHub/pandr/,root)),TaskSuccess(BuildValue(LazyValue(ForkConfig(C:\Users\Paul\Documents\GitHub\pandr,List(),List(C:\Users\Paul\.ivy2\cache\org.scala-lang\scala-library\jars\scala-library-2.11.6.jar, C:\Users\Paul\.ivy2\cache\com.typesafe.play\twirl-api_2.11\jars\twirl-api_2.11-1.1.1.jar, C:\Users\Paul\.ivy2\cache\org.apache.commons\commons-lang3\jars\commons-lang3-3.4.jar, C:\Users\Paul\.ivy2\cache\org.scala-lang.modules\scala-xml_2.11\bundles\scala-xml_2.11-1.0.1.jar, C:\Users\Paul\.ivy2\cache\com.typesafe.play\play-enhancer\jars\play-enhancer-1.1.0.jar, C:\Users\Paul\.ivy2\cache\com.typesafe.play\play-server_2.11\jars\play-server_2.11-2.4.3.jar, C:\Users\Paul\.ivy2\cache\com.typesafe.play\play_2.11\jars\play_2.11-2.4.3.jar, C:\Users\Paul\.ivy2\cache\com.typesafe.play\build-link\jars\build-link-2.4.3.jar, C:\Users\Paul\.ivy2\cache\com.typesafe.play\play-exceptions\jars\play-exceptions-2.4.3.jar, C:\Users\Paul\.ivy2\cache\org.javassist\javassist\bundles\javassist-3.19.0-GA.jar, C:\Users\Paul\.ivy2\cache\com.typesafe.play\play-iteratees_2.11\jars\play-iteratees_2.11-2.4.3.jar, C:\Users\Paul\.ivy2\cache\org.scala-stm\scala-stm_2.11\jars\scala-stm_2.11-0.7.jar, C:\Users\Paul\.ivy2\cache\com.typesafe\config\bundles\config-1.3.0.jar, C:\Users\Paul\.ivy2\cache\com.typesafe.play\play-json_2.11\jars\play-json_2.11-2.4.3.jar, C:\Users\Paul\.ivy2\cache\com.typesafe.play\play-functional_2.11\jars\play-functional_2.11-2.4.3.jar, C:\Users\Paul\.ivy2\cache\com.typesafe.play\play-datacommons_2.11\jars\play-datacommons_2.11-2.4.3.jar, C:\Users\Paul\.ivy2\cache\joda-time\joda-time\jars\joda-time-2.8.1.jar, C:\Users\Paul\.ivy2\cache\org.joda\joda-convert\jars\joda-convert-1.7.jar, C:\Users\Paul\.ivy2\cache\org.scala-lang\scala-reflect\jars\scala-reflect-2.11.6.jar, C:\Users\Paul\.ivy2\cache\com.fasterxml.jackson.core\jackson-core\bundles\jackson-core-2.5.4.jar, C:\Users\Paul\.ivy2\cache\com.fasterxml.jackson.core\jackson-annotations\bundles\jackson-annotations-2.5.4.jar, C:\Users\Paul\.ivy2\cache\com.fasterxml.jackson.core\jackson-databind\bundles\jackson-databind-2.5.4.jar, C:\Users\Paul\.ivy2\cache\com.fasterxml.jackson.datatype\jackson-datatype-jdk8\bundles\jackson-datatype-jdk8-2.5.4.jar, C:\Users\Paul\.ivy2\cache\com.fasterxml.jackson.datatype\jackson-datatype-jsr310\bundles\jackson-datatype-jsr310-2.5.4.jar, C:\Users\Paul\.ivy2\cache\com.typesafe.play\play-netty-utils\jars\play-netty-utils-2.4.3.jar, C:\Users\Paul\.ivy2\cache\org.slf4j\slf4j-api\jars\slf4j-api-1.7.12.jar, C:\Users\Paul\.ivy2\cache\org.slf4j\jul-to-slf4j\jars\jul-to-slf4j-1.7.12.jar, C:\Users\Paul\.ivy2\cache\org.slf4j\jcl-over-slf4j\jars\jcl-over-slf4j-1.7.12.jar, C:\Users\Paul\.ivy2\cache\org.scala-lang.modules\scala-parser-combinators_2.11\bundles\scala-parser-combinators_2.11-1.0.1.jar, C:\Users\Paul\.ivy2\cache\ch.qos.logback\logback-core\jars\logback-core-1.1.3.jar, C:\Users\Paul\.ivy2\cache\ch.qos.logback\logback-classic\jars\logback-classic-1.1.3.jar, C:\Users\Paul\.ivy2\cache\com.typesafe.akka\akka-actor_2.11\jars\akka-actor_2.11-2.3.13.jar, C:\Users\Paul\.ivy2\cache\com.typesafe.akka\akka-slf4j_2.11\jars\akka-slf4j_2.11-2.3.13.jar, C:\Users\Paul\.ivy2\cache\commons-codec\commons-codec\jars\commons-codec-1.10.jar, C:\Users\Paul\.ivy2\cache\xerces\xercesImpl\jars\xercesImpl-2.11.0.jar, C:\Users\Paul\.ivy2\cache\xml-apis\xml-apis\jars\xml-apis-1.4.01.jar, C:\Users\Paul\.ivy2\cache\javax.transaction\jta\jars\jta-1.1.jar, C:\Users\Paul\.ivy2\cache\com.google.inject\guice\jars\guice-4.0.jar, C:\Users\Paul\.ivy2\cache\javax.inject\javax.inject\jars\javax.inject-1.jar, C:\Users\Paul\.ivy2\cache\aopalliance\aopalliance\jars\aopalliance-1.0.jar, C:\Users\Paul\.ivy2\cache\com.google.inject.extensions\guice-assistedinject\jars\guice-assistedinject-4.0.jar, C:\Users\Paul\.ivy2\cache\com.typesafe.play\play-java_2.11\jars\play-java_2.11-2.4.3.jar, C:\Users\Paul\.ivy2\cache\org.scala-lang.modules\scala-java8-compat_2.11\bundles\scala-java8-compat_2.11-0.3.0.jar, C:\Users\Paul\.ivy2\cache\org.yaml\snakeyaml\bundles\snakeyaml-1.15.jar, C:\Users\Paul\.ivy2\cache\org.hibernate\hibernate-validator\jars\hibernate-validator-5.0.3.Final.jar, C:\Users\Paul\.ivy2\cache\javax.validation\validation-api\jars\validation-api-1.1.0.Final.jar, C:\Users\Paul\.ivy2\cache\com.fasterxml\classmate\bundles\classmate-1.0.0.jar, C:\Users\Paul\.ivy2\cache\org.jboss.logging\jboss-logging\jars\jboss-logging-3.2.1.Final.jar, C:\Users\Paul\.ivy2\cache\org.springframework\spring-context\jars\spring-context-4.1.6.RELEASE.jar, C:\Users\Paul\.ivy2\cache\org.springframework\spring-core\jars\spring-core-4.1.6.RELEASE.jar, C:\Users\Paul\.ivy2\cache\org.springframework\spring-beans\jars\spring-beans-4.1.6.RELEASE.jar, C:\Users\Paul\.ivy2\cache\org.reflections\reflections\jars\reflections-0.9.9.jar, C:\Users\Paul\.ivy2\cache\com.google.guava\guava\bundles\guava-18.0.jar, C:\Users\Paul\.ivy2\cache\com.google.code.findbugs\annotations\jars\annotations-2.0.1.jar, C:\Users\Paul\.ivy2\cache\net.jodah\typetools\bundles\typetools-0.4.1.jar, C:\Users\Paul\.ivy2\cache\com.google.code.findbugs\jsr305\jars\jsr305-2.0.3.jar, C:\Users\Paul\.ivy2\cache\org.apache.tomcat\tomcat-servlet-api\jars\tomcat-servlet-api-8.0.21.jar, C:\Users\Paul\.ivy2\cache\com.typesafe.play\play-netty-server_2.11\jars\play-netty-server_2.11-2.4.3.jar, C:\Users\Paul\.ivy2\cache\io.netty\netty\bundles\netty-3.10.4.Final.jar, C:\Users\Paul\.ivy2\cache\com.typesafe.netty\netty-http-pipelining\jars\netty-http-pipelining-1.1.4.jar, C:\Users\Paul\.ivy2\cache\com.typesafe.play\play-java-jdbc_2.11\jars\play-java-jdbc_2.11-2.4.3.jar, C:\Users\Paul\.ivy2\cache\com.typesafe.play\play-jdbc_2.11\jars\play-jdbc_2.11-2.4.3.jar, C:\Users\Paul\.ivy2\cache\com.typesafe.play\play-jdbc-api_2.11\jars\play-jdbc-api_2.11-2.4.3.jar, C:\Users\Paul\.ivy2\cache\com.jolbox\bonecp\bundles\bonecp-0.8.0.RELEASE.jar, C:\Users\Paul\.ivy2\cache\com.zaxxer\HikariCP\bundles\HikariCP-2.3.7.jar, C:\Users\Paul\.ivy2\cache\com.h2database\h2\jars\h2-1.4.187.jar, C:\Users\Paul\.ivy2\cache\tyrex\tyrex\jars\tyrex-1.0.1.jar, C:\Users\Paul\.ivy2\cache\com.typesafe.play\play-cache_2.11\jars\play-cache_2.11-2.4.3.jar, C:\Users\Paul\.ivy2\cache\net.sf.ehcache\ehcache-core\jars\ehcache-core-2.6.11.jar, C:\Users\Paul\.ivy2\cache\com.typesafe.play\play-java-ws_2.11\jars\play-java-ws_2.11-2.4.3.jar, C:\Users\Paul\.ivy2\cache\com.typesafe.play\play-ws_2.11\jars\play-ws_2.11-2.4.3.jar, C:\Users\Paul\.ivy2\cache\com.ning\async-http-client\jars\async-http-client-1.9.21.jar, C:\Users\Paul\.ivy2\cache\oauth.signpost\signpost-core\jars\signpost-core-1.2.1.2.jar, C:\Users\Paul\.ivy2\cache\oauth.signpost\signpost-commonshttp4\jars\signpost-commonshttp4-1.2.1.2.jar, C:\Users\Paul\.ivy2\cache\org.apache.httpcomponents\httpcore\jars\httpcore-4.0.1.jar, C:\Users\Paul\.ivy2\cache\org.apache.httpcomponents\httpclient\jars\httpclient-4.0.1.jar, C:\Users\Paul\.ivy2\cache\commons-logging\commons-logging\jars\commons-logging-1.1.1.jar, C:\Users\Paul\.ivy2\cache\org.mongodb\mongo-java-driver\jars\mongo-java-driver-3.0.4.jar, C:\Users\Paul\.ivy2\cache\org.mongodb.morphia\morphia\jars\morphia-1.0.1.jar, C:\Users\Paul\.ivy2\cache\com.thoughtworks.proxytoys\proxytoys\jars\proxytoys-1.0.jar, C:\Users\Paul\.ivy2\cache\cglib\cglib-nodep\jars\cglib-nodep-2.2.2.jar),List((public/,C:\Users\Paul\Documents\GitHub\pandr\target\web\public\main)),List(C:\Users\Paul\.ivy2\cache\com.typesafe.play\play-omnidoc_2.11\jars\play-omnidoc_2.11-2.4.3.jar, C:\Users\Paul\.ivy2\cache\org.scala-lang\scala-library\jars\scala-library-2.11.6.jar, C:\Users\Paul\.ivy2\cache\com.typesafe.play\play-docs_2.11\jars\play-docs_2.11-2.4.3.jar, C:\Users\Paul\.ivy2\cache\com.typesafe.play\play-netty-server_2.11\jars\play-netty-server_2.11-2.4.3.jar, C:\Users\Paul\.ivy2\cache\com.typesafe.play\play-server_2.11\jars\play-server_2.11-2.4.3.jar, C:\Users\Paul\.ivy2\cache\com.typesafe.play\play_2.11\jars\play_2.11-2.4.3.jar, C:\Users\Paul\.ivy2\cache\com.typesafe.play\build-link\jars\build-link-2.4.3.jar, C:\Users\Paul\.ivy2\cache\com.typesafe.play\play-exceptions\jars\play-exceptions-2.4.3.jar, C:\Users\Paul\.ivy2\cache\org.javassist\javassist\bundles\javassist-3.19.0-GA.jar, C:\Users\Paul\.ivy2\cache\com.typesafe.play\play-iteratees_2.11\jars\play-iteratees_2.11-2.4.3.jar, C:\Users\Paul\.ivy2\cache\org.scala-stm\scala-stm_2.11\jars\scala-stm_2.11-0.7.jar, C:\Users\Paul\.ivy2\cache\com.typesafe\config\bundles\config-1.3.0.jar, C:\Users\Paul\.ivy2\cache\com.typesafe.play\play-json_2.11\jars\play-json_2.11-2.4.3.jar, C:\Users\Paul\.ivy2\cache\com.typesafe.play\play-functional_2.11\jars\play-functional_2.11-2.4.3.jar, C:\Users\Paul\.ivy2\cache\com.typesafe.play\play-datacommons_2.11\jars\play-datacommons_2.11-2.4.3.jar, C:\Users\Paul\.ivy2\cache\joda-time\joda-time\jars\joda-time-2.8.1.jar, C:\Users\Paul\.ivy2\cache\org.joda\joda-convert\jars\joda-convert-1.7.jar, C:\Users\Paul\.ivy2\cache\org.scala-lang\scala-reflect\jars\scala-reflect-2.11.6.jar, C:\Users\Paul\.ivy2\cache\com.fasterxml.jackson.core\jackson-core\bundles\jackson-core-2.5.4.jar, C:\Users\Paul\.ivy2\cache\com.fasterxml.jackson.core\jackson-annotations\bundles\jackson-annotations-2.5.4.jar, C:\Users\Paul\.ivy2\cache\com.fasterxml.jackson.core\jackson-databind\bundles\jackson-databind-2.5.4.jar, C:\Users\Paul\.ivy2\cache\com.fasterxml.jackson.datatype\jackson-datatype-jdk8\bundles\jackson-datatype-jdk8-2.5.4.jar, C:\Users\Paul\.ivy2\cache\com.fasterxml.jackson.datatype\jackson-datatype-jsr310\bundles\jackson-datatype-jsr310-2.5.4.jar, C:\Users\Paul\.ivy2\cache\com.typesafe.play\play-netty-utils\jars\play-netty-utils-2.4.3.jar, C:\Users\Paul\.ivy2\cache\org.slf4j\slf4j-api\jars\slf4j-api-1.7.12.jar, C:\Users\Paul\.ivy2\cache\org.slf4j\jul-to-slf4j\jars\jul-to-slf4j-1.7.12.jar, C:\Users\Paul\.ivy2\cache\org.slf4j\jcl-over-slf4j\jars\jcl-over-slf4j-1.7.12.jar, C:\Users\Paul\.ivy2\cache\com.typesafe.play\twirl-api_2.11\jars\twirl-api_2.11-1.1.1.jar, C:\Users\Paul\.ivy2\cache\org.apache.commons\commons-lang3\jars\commons-lang3-3.4.jar, C:\Users\Paul\.ivy2\cache\org.scala-lang.modules\scala-xml_2.11\bundles\scala-xml_2.11-1.0.1.jar, C:\Users\Paul\.ivy2\cache\org.scala-lang.modules\scala-parser-combinators_2.11\bundles\scala-parser-combinators_2.11-1.0.1.jar, C:\Users\Paul\.ivy2\cache\ch.qos.logback\logback-core\jars\logback-core-1.1.3.jar, C:\Users\Paul\.ivy2\cache\ch.qos.logback\logback-classic\jars\logback-classic-1.1.3.jar, C:\Users\Paul\.ivy2\cache\com.typesafe.akka\akka-actor_2.11\jars\akka-actor_2.11-2.3.13.jar, C:\Users\Paul\.ivy2\cache\com.typesafe.akka\akka-slf4j_2.11\jars\akka-slf4j_2.11-2.3.13.jar, C:\Users\Paul\.ivy2\cache\commons-codec\commons-codec\jars\commons-codec-1.10.jar, C:\Users\Paul\.ivy2\cache\xerces\xercesImpl\jars\xercesImpl-2.11.0.jar, C:\Users\Paul\.ivy2\cache\xml-apis\xml-apis\jars\xml-apis-1.4.01.jar, C:\Users\Paul\.ivy2\cache\javax.transaction\jta\jars\jta-1.1.jar, C:\Users\Paul\.ivy2\cache\com.google.inject\guice\jars\guice-4.0.jar, C:\Users\Paul\.ivy2\cache\javax.inject\javax.inject\jars\javax.inject-1.jar, C:\Users\Paul\.ivy2\cache\aopalliance\aopalliance\jars\aopalliance-1.0.jar, C:\Users\Paul\.ivy2\cache\com.google.guava\guava\bundles\guava-16.0.1.jar, C:\Users\Paul\.ivy2\cache\com.google.inject.extensions\guice-assistedinject\jars\guice-assistedinject-4.0.jar, C:\Users\Paul\.ivy2\cache\io.netty\netty\bundles\netty-3.10.4.Final.jar, C:\Users\Paul\.ivy2\cache\com.typesafe.netty\netty-http-pipelining\jars\netty-http-pipelining-1.1.4.jar, C:\Users\Paul\.ivy2\cache\com.typesafe.play\play-doc_2.11\jars\play-doc_2.11-1.2.2.jar, C:\Users\Paul\.ivy2\cache\org.pegdown\pegdown\jars\pegdown-1.4.0.jar, C:\Users\Paul\.ivy2\cache\org.parboiled\parboiled-java\bundles\parboiled-java-1.1.5.jar, C:\Users\Paul\.ivy2\cache\org.parboiled\parboiled-core\bundles\parboiled-core-1.1.5.jar, C:\Users\Paul\.ivy2\cache\org.ow2.asm\asm\jars\asm-4.1.jar, C:\Users\Paul\.ivy2\cache\org.ow2.asm\asm-tree\jars\asm-tree-4.1.jar, C:\Users\Paul\.ivy2\cache\org.ow2.asm\asm-analysis\jars\asm-analysis-4.1.jar, C:\Users\Paul\.ivy2\cache\org.ow2.asm\asm-util\jars\asm-util-4.1.jar, C:\Users\Paul\.ivy2\cache\commons-io\commons-io\jars\commons-io-2.4.jar),Some(C:\Users\Paul\.ivy2\cache\com.typesafe.play\play-omnidoc_2.11\jars\play-omnidoc_2.11-2.4.3.jar),List(),9000,0.0.0.0,DefaultWatchService,List(C:\Users\Paul\Documents\GitHub\pandr\public, C:\Users\Paul\Documents\GitHub\pandr\conf, C:\Users\Paul\Documents\GitHub\pandr\app),C:\Users\Paul\Documents\GitHub\pandr\target,500,root/playForkNotifyStart,root/playForkReload,300000,play.core.server.DevServerStart),scala.pickling.PicklerUnpickler$DelegatingPicklerUnpickler@1572a412),ForkConfig(C:\Users\Paul\Documents\GitHub\pandr,List(),List(C:\Users\Paul\.ivy2\cache\org.scala-lang\scala-library\jars\scala-library-2.11.6.jar, C:\Users\Paul\.ivy2\cache\com.typesafe.play\twirl-api_2.11\jars\twirl-api_2.11-1.1.1.jar, C:\Users\Paul\.ivy2\cache\org.apache.commons\commons-lang3\jars\commons-lang3-3.4.jar, C:\Users\Paul\.ivy2\cache\org.scala-lang.modules\scala-xml_2.11\bundles\scala-xml_2.11-1.0.1.jar, C:\Users\Paul\.ivy2\cache\com.typesafe.play\play-enhancer\jars\play-enhancer-1.1.0.jar, C:\Users\Paul\.ivy2\cache\com.typesafe.play\play-server_2.11\jars\play-server_2.11-2.4.3.jar, C:\Users\Paul\.ivy2\cache\com.typesafe.play\play_2.11\jars\play_2.11-2.4.3.jar, C:\Users\Paul\.ivy2\cache\com.typesafe.play\build-link\jars\build-link-2.4.3.jar, C:\Users\Paul\.ivy2\cache\com.typesafe.play\play-exceptions\jars\play-exceptions-2.4.3.jar, C:\Users\Paul\.ivy2\cache\org.javassist\javassist\bundles\javassist-3.19.0-GA.jar, C:\Users\Paul\.ivy2\cache\com.typesafe.play\play-iteratees_2.11\jars\play-iteratees_2.11-2.4.3.jar, C:\Users\Paul\.ivy2\cache\org.scala-stm\scala-stm_2.11\jars\scala-stm_2.11-0.7.jar, C:\Users\Paul\.ivy2\cache\com.typesafe\config\bundles\config-1.3.0.jar, C:\Users\Paul\.ivy2\cache\com.typesafe.play\play-json_2.11\jars\play-json_2.11-2.4.3.jar, C:\Users\Paul\.ivy2\cache\com.typesafe.play\play-functional_2.11\jars\play-functional_2.11-2.4.3.jar, C:\Users\Paul\.ivy2\cache\com.typesafe.play\play-datacommons_2.11\jars\play-datacommons_2.11-2.4.3.jar, C:\Users\Paul\.ivy2\cache\joda-time\joda-time\jars\joda-time-2.8.1.jar, C:\Users\Paul\.ivy2\cache\org.joda\joda-convert\jars\joda-convert-1.7.jar, C:\Users\Paul\.ivy2\cache\org.scala-lang\scala-reflect\jars\scala-reflect-2.11.6.jar, C:\Users\Paul\.ivy2\cache\com.fasterxml.jackson.core\jackson-core\bundles\jackson-core-2.5.4.jar, C:\Users\Paul\.ivy2\cache\com.fasterxml.jackson.core\jackson-annotations\bundles\jackson-annotations-2.5.4.jar, C:\Users\Paul\.ivy2\cache\com.fasterxml.jackson.core\jackson-databind\bundles\jackson-databind-2.5.4.jar, C:\Users\Paul\.ivy2\cache\com.fasterxml.jackson.datatype\jackson-datatype-jdk8\bundles\jackson-datatype-jdk8-2.5.4.jar, C:\Users\Paul\.ivy2\cache\com.fasterxml.jackson.datatype\jackson-datatype-jsr310\bundles\jackson-datatype-jsr310-2.5.4.jar, C:\Users\Paul\.ivy2\cache\com.typesafe.play\play-netty-utils\jars\play-netty-utils-2.4.3.jar, C:\Users\Paul\.ivy2\cache\org.slf4j\slf4j-api\jars\slf4j-api-1.7.12.jar, C:\Users\Paul\.ivy2\cache\org.slf4j\jul-to-slf4j\jars\jul-to-slf4j-1.7.12.jar, C:\Users\Paul\.ivy2\cache\org.slf4j\jcl-over-slf4j\jars\jcl-over-slf4j-1.7.12.jar, C:\Users\Paul\.ivy2\cache\org.scala-lang.modules\scala-parser-combinators_2.11\bundles\scala-parser-combinators_2.11-1.0.1.jar, C:\Users\Paul\.ivy2\cache\ch.qos.logback\logback-core\jars\logback-core-1.1.3.jar, C:\Users\Paul\.ivy2\cache\ch.qos.logback\logback-classic\jars\logback-classic-1.1.3.jar, C:\Users\Paul\.ivy2\cache\com.typesafe.akka\akka-actor_2.11\jars\akka-actor_2.11-2.3.13.jar, C:\Users\Paul\.ivy2\cache\com.typesafe.akka\akka-slf4j_2.11\jars\akka-slf4j_2.11-2.3.13.jar, C:\Users\Paul\.ivy2\cache\commons-codec\commons-codec\jars\commons-codec-1.10.jar, C:\Users\Paul\.ivy2\cache\xerces\xercesImpl\jars\xercesImpl-2.11.0.jar, C:\Users\Paul\.ivy2\cache\xml-apis\xml-apis\jars\xml-apis-1.4.01.jar, C:\Users\Paul\.ivy2\cache\javax.transaction\jta\jars\jta-1.1.jar, C:\Users\Paul\.ivy2\cache\com.google.inject\guice\jars\guice-4.0.jar, C:\Users\Paul\.ivy2\cache\javax.inject\javax.inject\jars\javax.inject-1.jar, C:\Users\Paul\.ivy2\cache\aopalliance\aopalliance\jars\aopalliance-1.0.jar, C:\Users\Paul\.ivy2\cache\com.google.inject.extensions\guice-assistedinject\jars\guice-assistedinject-4.0.jar, C:\Users\Paul\.ivy2\cache\com.typesafe.play\play-java_2.11\jars\play-java_2.11-2.4.3.jar, C:\Users\Paul\.ivy2\cache\org.scala-lang.modules\scala-java8-compat_2.11\bundles\scala-java8-compat_2.11-0.3.0.jar, C:\Users\Paul\.ivy2\cache\org.yaml\snakeyaml\bundles\snakeyaml-1.15.jar, C:\Users\Paul\.ivy2\cache\org.hibernate\hibernate-validator\jars\hibernate-validator-5.0.3.Final.jar, C:\Users\Paul\.ivy2\cache\javax.validation\validation-api\jars\validation-api-1.1.0.Final.jar, C:\Users\Paul\.ivy2\cache\com.fasterxml\classmate\bundles\classmate-1.0.0.jar, C:\Users\Paul\.ivy2\cache\org.jboss.logging\jboss-logging\jars\jboss-logging-3.2.1.Final.jar, C:\Users\Paul\.ivy2\cache\org.springframework\spring-context\jars\spring-context-4.1.6.RELEASE.jar, C:\Users\Paul\.ivy2\cache\org.springframework\spring-core\jars\spring-core-4.1.6.RELEASE.jar, C:\Users\Paul\.ivy2\cache\org.springframework\spring-beans\jars\spring-beans-4.1.6.RELEASE.jar, C:\Users\Paul\.ivy2\cache\org.reflections\reflections\jars\reflections-0.9.9.jar, C:\Users\Paul\.ivy2\cache\com.google.guava\guava\bundles\guava-18.0.jar, C:\Users\Paul\.ivy2\cache\com.google.code.findbugs\annotations\jars\annotations-2.0.1.jar, C:\Users\Paul\.ivy2\cache\net.jodah\typetools\bundles\typetools-0.4.1.jar, C:\Users\Paul\.ivy2\cache\com.google.code.findbugs\jsr305\jars\jsr305-2.0.3.jar, C:\Users\Paul\.ivy2\cache\org.apache.tomcat\tomcat-servlet-api\jars\tomcat-servlet-api-8.0.21.jar, C:\Users\Paul\.ivy2\cache\com.typesafe.play\play-netty-server_2.11\jars\play-netty-server_2.11-2.4.3.jar, C:\Users\Paul\.ivy2\cache\io.netty\netty\bundles\netty-3.10.4.Final.jar, C:\Users\Paul\.ivy2\cache\com.typesafe.netty\netty-http-pipelining\jars\netty-http-pipelining-1.1.4.jar, C:\Users\Paul\.ivy2\cache\com.typesafe.play\play-java-jdbc_2.11\jars\play-java-jdbc_2.11-2.4.3.jar, C:\Users\Paul\.ivy2\cache\com.typesafe.play\play-jdbc_2.11\jars\play-jdbc_2.11-2.4.3.jar, C:\Users\Paul\.ivy2\cache\com.typesafe.play\play-jdbc-api_2.11\jars\play-jdbc-api_2.11-2.4.3.jar, C:\Users\Paul\.ivy2\cache\com.jolbox\bonecp\bundles\bonecp-0.8.0.RELEASE.jar, C:\Users\Paul\.ivy2\cache\com.zaxxer\HikariCP\bundles\HikariCP-2.3.7.jar, C:\Users\Paul\.ivy2\cache\com.h2database\h2\jars\h2-1.4.187.jar, C:\Users\Paul\.ivy2\cache\tyrex\tyrex\jars\tyrex-1.0.1.jar, C:\Users\Paul\.ivy2\cache\com.typesafe.play\play-cache_2.11\jars\play-cache_2.11-2.4.3.jar, C:\Users\Paul\.ivy2\cache\net.sf.ehcache\ehcache-core\jars\ehcache-core-2.6.11.jar, C:\Users\Paul\.ivy2\cache\com.typesafe.play\play-java-ws_2.11\jars\play-java-ws_2.11-2.4.3.jar, C:\Users\Paul\.ivy2\cache\com.typesafe.play\play-ws_2.11\jars\play-ws_2.11-2.4.3.jar, C:\Users\Paul\.ivy2\cache\com.ning\async-http-client\jars\async-http-client-1.9.21.jar, C:\Users\Paul\.ivy2\cache\oauth.signpost\signpost-core\jars\signpost-core-1.2.1.2.jar, C:\Users\Paul\.ivy2\cache\oauth.signpost\signpost-commonshttp4\jars\signpost-commonshttp4-1.2.1.2.jar, C:\Users\Paul\.ivy2\cache\org.apache.httpcomponents\httpcore\jars\httpcore-4.0.1.jar, C:\Users\Paul\.ivy2\cache\org.apache.httpcomponents\httpclient\jars\httpclient-4.0.1.jar, C:\Users\Paul\.ivy2\cache\commons-logging\commons-logging\jars\commons-logging-1.1.1.jar, C:\Users\Paul\.ivy2\cache\org.mongodb\mongo-java-driver\jars\mongo-java-driver-3.0.4.jar, C:\Users\Paul\.ivy2\cache\org.mongodb.morphia\morphia\jars\morphia-1.0.1.jar, C:\Users\Paul\.ivy2\cache\com.thoughtworks.proxytoys\proxytoys\jars\proxytoys-1.0.jar, C:\Users\Paul\.ivy2\cache\cglib\cglib-nodep\jars\cglib-nodep-2.2.2.jar),List((public/,C:\Users\Paul\Documents\GitHub\pandr\target\web\public\main)),List(C:\Users\Paul\.ivy2\cache\com.typesafe.play\play-omnidoc_2.11\jars\play-omnidoc_2.11-2.4.3.jar, C:\Users\Paul\.ivy2\cache\org.scala-lang\scala-library\jars\scala-library-2.11.6.jar, C:\Users\Paul\.ivy2\cache\com.typesafe.play\play-docs_2.11\jars\play-docs_2.11-2.4.3.jar, C:\Users\Paul\.ivy2\cache\com.typesafe.play\play-netty-server_2.11\jars\play-netty-server_2.11-2.4.3.jar, C:\Users\Paul\.ivy2\cache\com.typesafe.play\play-server_2.11\jars\play-server_2.11-2.4.3.jar, C:\Users\Paul\.ivy2\cache\com.typesafe.play\play_2.11\jars\play_2.11-2.4.3.jar, C:\Users\Paul\.ivy2\cache\com.typesafe.play\build-link\jars\build-link-2.4.3.jar, C:\Users\Paul\.ivy2\cache\com.typesafe.play\play-exceptions\jars\play-exceptions-2.4.3.jar, C:\Users\Paul\.ivy2\cache\org.javassist\javassist\bundles\javassist-3.19.0-GA.jar, C:\Users\Paul\.ivy2\cache\com.typesafe.play\play-iteratees_2.11\jars\play-iteratees_2.11-2.4.3.jar, C:\Users\Paul\.ivy2\cache\org.scala-stm\scala-stm_2.11\jars\scala-stm_2.11-0.7.jar, C:\Users\Paul\.ivy2\cache\com.typesafe\config\bundles\config-1.3.0.jar, C:\Users\Paul\.ivy2\cache\com.typesafe.play\play-json_2.11\jars\play-json_2.11-2.4.3.jar, C:\Users\Paul\.ivy2\cache\com.typesafe.play\play-functional_2.11\jars\play-functional_2.11-2.4.3.jar, C:\Users\Paul\.ivy2\cache\com.typesafe.play\play-datacommons_2.11\jars\play-datacommons_2.11-2.4.3.jar, C:\Users\Paul\.ivy2\cache\joda-time\joda-time\jars\joda-time-2.8.1.jar, C:\Users\Paul\.ivy2\cache\org.joda\joda-convert\jars\joda-convert-1.7.jar, C:\Users\Paul\.ivy2\cache\org.scala-lang\scala-reflect\jars\scala-reflect-2.11.6.jar, C:\Users\Paul\.ivy2\cache\com.fasterxml.jackson.core\jackson-core\bundles\jackson-core-2.5.4.jar, C:\Users\Paul\.ivy2\cache\com.fasterxml.jackson.core\jackson-annotations\bundles\jackson-annotations-2.5.4.jar, C:\Users\Paul\.ivy2\cache\com.fasterxml.jackson.core\jackson-databind\bundles\jackson-databind-2.5.4.jar, C:\Users\Paul\.ivy2\cache\com.fasterxml.jackson.datatype\jackson-datatype-jdk8\bundles\jackson-datatype-jdk8-2.5.4.jar, C:\Users\Paul\.ivy2\cache\com.fasterxml.jackson.datatype\jackson-datatype-jsr310\bundles\jackson-datatype-jsr310-2.5.4.jar, C:\Users\Paul\.ivy2\cache\com.typesafe.play\play-netty-utils\jars\play-netty-utils-2.4.3.jar, C:\Users\Paul\.ivy2\cache\org.slf4j\slf4j-api\jars\slf4j-api-1.7.12.jar, C:\Users\Paul\.ivy2\cache\org.slf4j\jul-to-slf4j\jars\jul-to-slf4j-1.7.12.jar, C:\Users\Paul\.ivy2\cache\org.slf4j\jcl-over-slf4j\jars\jcl-over-slf4j-1.7.12.jar, C:\Users\Paul\.ivy2\cache\com.typesafe.play\twirl-api_2.11\jars\twirl-api_2.11-1.1.1.jar, C:\Users\Paul\.ivy2\cache\org.apache.commons\commons-lang3\jars\commons-lang3-3.4.jar, C:\Users\Paul\.ivy2\cache\org.scala-lang.modules\scala-xml_2.11\bundles\scala-xml_2.11-1.0.1.jar, C:\Users\Paul\.ivy2\cache\org.scala-lang.modules\scala-parser-combinators_2.11\bundles\scala-parser-combinators_2.11-1.0.1.jar, C:\Users\Paul\.ivy2\cache\ch.qos.logback\logback-core\jars\logback-core-1.1.3.jar, C:\Users\Paul\.ivy2\cache\ch.qos.logback\logback-classic\jars\logback-classic-1.1.3.jar, C:\Users\Paul\.ivy2\cache\com.typesafe.akka\akka-actor_2.11\jars\akka-actor_2.11-2.3.13.jar, C:\Users\Paul\.ivy2\cache\com.typesafe.akka\akka-slf4j_2.11\jars\akka-slf4j_2.11-2.3.13.jar, C:\Users\Paul\.ivy2\cache\commons-codec\commons-codec\jars\commons-codec-1.10.jar, C:\Users\Paul\.ivy2\cache\xerces\xercesImpl\jars\xercesImpl-2.11.0.jar, C:\Users\Paul\.ivy2\cache\xml-apis\xml-apis\jars\xml-apis-1.4.01.jar, C:\Users\Paul\.ivy2\cache\javax.transaction\jta\jars\jta-1.1.jar, C:\Users\Paul\.ivy2\cache\com.google.inject\guice\jars\guice-4.0.jar, C:\Users\Paul\.ivy2\cache\javax.inject\javax.inject\jars\javax.inject-1.jar, C:\Users\Paul\.ivy2\cache\aopalliance\aopalliance\jars\aopalliance-1.0.jar, C:\Users\Paul\.ivy2\cache\com.google.guava\guava\bundles\guava-16.0.1.jar, C:\Users\Paul\.ivy2\cache\com.google.inject.extensions\guice-assistedinject\jars\guice-assistedinject-4.0.jar, C:\Users\Paul\.ivy2\cache\io.netty\netty\bundles\netty-3.10.4.Final.jar, C:\Users\Paul\.ivy2\cache\com.typesafe.netty\netty-http-pipelining\jars\netty-http-pipelining-1.1.4.jar, C:\Users\Paul\.ivy2\cache\com.typesafe.play\play-doc_2.11\jars\play-doc_2.11-1.2.2.jar, C:\Users\Paul\.ivy2\cache\org.pegdown\pegdown\jars\pegdown-1.4.0.jar, C:\Users\Paul\.ivy2\cache\org.parboiled\parboiled-java\bundles\parboiled-java-1.1.5.jar, C:\Users\Paul\.ivy2\cache\org.parboiled\parboiled-core\bundles\parboiled-core-1.1.5.jar, C:\Users\Paul\.ivy2\cache\org.ow2.asm\asm\jars\asm-4.1.jar, C:\Users\Paul\.ivy2\cache\org.ow2.asm\asm-tree\jars\asm-tree-4.1.jar, C:\Users\Paul\.ivy2\cache\org.ow2.asm\asm-analysis\jars\asm-analysis-4.1.jar, C:\Users\Paul\.ivy2\cache\org.ow2.asm\asm-util\jars\asm-util-4.1.jar, C:\Users\Paul\.ivy2\cache\commons-io\commons-io\jars\commons-io-2.4.jar),Some(C:\Users\Paul\.ivy2\cache\com.typesafe.play\play-omnidoc_2.11\jars\play-omnidoc_2.11-2.4.3.jar),List(),9000,0.0.0.0,DefaultWatchService,List(C:\Users\Paul\Documents\GitHub\pandr\public, C:\Users\Paul\Documents\GitHub\pandr\conf, C:\Users\Paul\Documents\GitHub\pandr\app),C:\Users\Paul\Documents\GitHub\pandr\target,500,root/playForkNotifyStart,root/playForkReload,300000,play.core.server.DevServerStart))))
Sending msg to client play-fork-run-1f346e42-fdf7-4fd2-a587-cb07cd06a6a9: TaskStarted(6,441,None)
Sending msg to client play-fork-run-1f346e42-fdf7-4fd2-a587-cb07cd06a6a9: TaskFinished(6,441,None,true,None)
Sending msg to client play-fork-run-1f346e42-fdf7-4fd2-a587-cb07cd06a6a9: TaskStarted(6,440,None)
Sending msg to client play-fork-run-1f346e42-fdf7-4fd2-a587-cb07cd06a6a9: TaskFinished(6,440,None,true,None)
Sending msg to client play-fork-run-1f346e42-fdf7-4fd2-a587-cb07cd06a6a9: DetachedLogEvent(LogMessage(debug,cancel strategy finish enabled=false lastCommand=Some(LastCommand(CommandExecutionWork(ExecutionId(6),{file:/C:/Users/Paul/Documents/GitHub/pandr/}root/*:playForkConfig,Set(LiveClient(play-fork-run 1f346e42-fdf7-4fd2-a587-cb07cd06a6a9)),sbt.server.WorkCancellationStatus$$anon$1@73042102)))))
Sending msg to client play-fork-run-1f346e42-fdf7-4fd2-a587-cb07cd06a6a9: DetachedLogEvent(LogSuccess(Total time: 1 s, completed 20-Oct-2015 16:01:47))
Sending msg to client play-fork-run-1f346e42-fdf7-4fd2-a587-cb07cd06a6a9: DetachedLogEvent(LogMessage(debug,> server-post-command-cleanup))
Sending msg to client play-fork-run-1f346e42-fdf7-4fd2-a587-cb07cd06a6a9: ExecutionSuccess(6)
Sending msg to client play-fork-run-1f346e42-fdf7-4fd2-a587-cb07cd06a6a9: DetachedLogEvent(LogMessage(debug,> server-handle-next-server-request))
Sending msg to client play-fork-run-1f346e42-fdf7-4fd2-a587-cb07cd06a6a9: BackgroundJobLogEvent(1,LogMessage(info,))
Sending msg to client play-fork-run-1f346e42-fdf7-4fd2-a587-cb07cd06a6a9: BackgroundJobLogEvent(1,LogMessage(info,--- (Running the application, auto-reloading is enabled) ---))
Sending msg to client play-fork-run-1f346e42-fdf7-4fd2-a587-cb07cd06a6a9: BackgroundJobLogEvent(1,LogMessage(info,))
Sending msg to client play-fork-run-1f346e42-fdf7-4fd2-a587-cb07cd06a6a9: BackgroundJobLogEvent(1,LogMessage(error,Play fork run has failed due to:))
Sending msg to client play-fork-run-1f346e42-fdf7-4fd2-a587-cb07cd06a6a9: BackgroundJobLogEvent(1,LogMessage(error,java.lang.reflect.InvocationTargetException))
Sending msg to client play-fork-run-1f346e42-fdf7-4fd2-a587-cb07cd06a6a9: BackgroundJobLogEvent(1,LogMessage(error,	at sun.reflect.NativeMethodAccessorImpl.invoke0(Native Method)))
Sending msg to client play-fork-run-1f346e42-fdf7-4fd2-a587-cb07cd06a6a9: BackgroundJobLogEvent(1,LogMessage(error,	at sun.reflect.NativeMethodAccessorImpl.invoke(Unknown Source)))
Sending msg to client play-fork-run-1f346e42-fdf7-4fd2-a587-cb07cd06a6a9: BackgroundJobLogEvent(1,LogMessage(error,	at sun.reflect.DelegatingMethodAccessorImpl.invoke(Unknown Source)))
Sending msg to client play-fork-run-1f346e42-fdf7-4fd2-a587-cb07cd06a6a9: BackgroundJobLogEvent(1,LogMessage(error,	at java.lang.reflect.Method.invoke(Unknown Source)))
Sending msg to client play-fork-run-1f346e42-fdf7-4fd2-a587-cb07cd06a6a9: BackgroundJobLogEvent(1,LogMessage(error,	at play.runsupport.Reloader$.startDevMode(Reloader.scala:223)))
Sending msg to client play-fork-run-1f346e42-fdf7-4fd2-a587-cb07cd06a6a9: BackgroundJobLogEvent(1,LogMessage(error,	at play.forkrun.ForkRun$.startServer(ForkRun.scala:82)))
Sending msg to client play-fork-run-1f346e42-fdf7-4fd2-a587-cb07cd06a6a9: BackgroundJobLogEvent(1,LogMessage(error,	at play.forkrun.ForkRun.run(ForkRun.scala:177)))
Sending msg to client play-fork-run-1f346e42-fdf7-4fd2-a587-cb07cd06a6a9: BackgroundJobLogEvent(1,LogMessage(error,	at play.forkrun.ForkRun$$anonfun$settingUp$1.applyOrElse(ForkRun.scala:166)))
Sending msg to client play-fork-run-1f346e42-fdf7-4fd2-a587-cb07cd06a6a9: BackgroundJobLogEvent(1,LogMessage(error,	at akka.actor.Actor$class.aroundReceive(Actor.scala:465)))
Sending msg to client play-fork-run-1f346e42-fdf7-4fd2-a587-cb07cd06a6a9: BackgroundJobLogEvent(1,LogMessage(error,	at play.forkrun.ForkRun.aroundReceive(ForkRun.scala:152)))
Sending msg to client play-fork-run-1f346e42-fdf7-4fd2-a587-cb07cd06a6a9: BackgroundJobLogEvent(1,LogMessage(error,	at akka.actor.ActorCell.receiveMessage(ActorCell.scala:516)))
Sending msg to client play-fork-run-1f346e42-fdf7-4fd2-a587-cb07cd06a6a9: BackgroundJobLogEvent(1,LogMessage(error,	at akka.actor.ActorCell.invoke(ActorCell.scala:487)))
Sending msg to client play-fork-run-1f346e42-fdf7-4fd2-a587-cb07cd06a6a9: BackgroundJobLogEvent(1,LogMessage(error,	at akka.dispatch.Mailbox.processMailbox(Mailbox.scala:254)))
Sending msg to client play-fork-run-1f346e42-fdf7-4fd2-a587-cb07cd06a6a9: BackgroundJobLogEvent(1,LogMessage(error,	at akka.dispatch.Mailbox.run(Mailbox.scala:221)))
Sending msg to client play-fork-run-1f346e42-fdf7-4fd2-a587-cb07cd06a6a9: BackgroundJobLogEvent(1,LogMessage(error,	at akka.dispatch.Mailbox.exec(Mailbox.scala:231)))
Sending msg to client play-fork-run-1f346e42-fdf7-4fd2-a587-cb07cd06a6a9: BackgroundJobLogEvent(1,LogMessage(error,	at scala.concurrent.forkjoin.ForkJoinTask.doExec(ForkJoinTask.java:260)))
Sending msg to client play-fork-run-1f346e42-fdf7-4fd2-a587-cb07cd06a6a9: BackgroundJobLogEvent(1,LogMessage(error,	at scala.concurrent.forkjoin.ForkJoinPool$WorkQueue.runTask(ForkJoinPool.java:1339)))
Sending msg to client play-fork-run-1f346e42-fdf7-4fd2-a587-cb07cd06a6a9: BackgroundJobLogEvent(1,LogMessage(error,	at scala.concurrent.forkjoin.ForkJoinPool.runWorker(ForkJoinPool.java:1979)))
Sending msg to client play-fork-run-1f346e42-fdf7-4fd2-a587-cb07cd06a6a9: BackgroundJobLogEvent(1,LogMessage(error,	at scala.concurrent.forkjoin.ForkJoinWorkerThread.run(ForkJoinWorkerThread.java:107)))
Sending msg to client play-fork-run-1f346e42-fdf7-4fd2-a587-cb07cd06a6a9: BackgroundJobLogEvent(1,LogMessage(error,Caused by: org.jboss.netty.channel.ChannelException: Failed to bind to: /0.0.0.0:9000))
Sending msg to client play-fork-run-1f346e42-fdf7-4fd2-a587-cb07cd06a6a9: BackgroundJobLogEvent(1,LogMessage(error,	at org.jboss.netty.bootstrap.ServerBootstrap.bind(ServerBootstrap.java:272)))
Sending msg to client play-fork-run-1f346e42-fdf7-4fd2-a587-cb07cd06a6a9: BackgroundJobLogEvent(1,LogMessage(error,	at play.core.server.NettyServer$$anonfun$1.apply(NettyServer.scala:132)))
Sending msg to client play-fork-run-1f346e42-fdf7-4fd2-a587-cb07cd06a6a9: BackgroundJobLogEvent(1,LogMessage(error,	at play.core.server.NettyServer$$anonfun$1.apply(NettyServer.scala:129)))
Sending msg to client play-fork-run-1f346e42-fdf7-4fd2-a587-cb07cd06a6a9: BackgroundJobLogEvent(1,LogMessage(error,	at scala.Option.map(Option.scala:146)))
Sending msg to client play-fork-run-1f346e42-fdf7-4fd2-a587-cb07cd06a6a9: BackgroundJobLogEvent(1,LogMessage(error,	at play.core.server.NettyServer.<init>(NettyServer.scala:129)))
Sending msg to client play-fork-run-1f346e42-fdf7-4fd2-a587-cb07cd06a6a9: BackgroundJobLogEvent(1,LogMessage(error,	at play.core.server.NettyServerProvider.createServer(NettyServer.scala:200)))
Sending msg to client play-fork-run-1f346e42-fdf7-4fd2-a587-cb07cd06a6a9: BackgroundJobLogEvent(1,LogMessage(error,	at play.core.server.NettyServerProvider.createServer(NettyServer.scala:199)))
Sending msg to client play-fork-run-1f346e42-fdf7-4fd2-a587-cb07cd06a6a9: BackgroundJobLogEvent(1,LogMessage(error,	at play.core.server.DevServerStart$$anonfun$mainDev$1.apply(DevServerStart.scala:208)))
Sending msg to client play-fork-run-1f346e42-fdf7-4fd2-a587-cb07cd06a6a9: BackgroundJobLogEvent(1,LogMessage(error,	at play.core.server.DevServerStart$$anonfun$mainDev$1.apply(DevServerStart.scala:61)))
Sending msg to client play-fork-run-1f346e42-fdf7-4fd2-a587-cb07cd06a6a9: BackgroundJobLogEvent(1,LogMessage(error,	at play.utils.Threads$.withContextClassLoader(Threads.scala:21)))
Sending msg to client play-fork-run-1f346e42-fdf7-4fd2-a587-cb07cd06a6a9: BackgroundJobLogEvent(1,LogMessage(error,	at play.core.server.DevServerStart$.mainDev(DevServerStart.scala:60)))
Sending msg to client play-fork-run-1f346e42-fdf7-4fd2-a587-cb07cd06a6a9: BackgroundJobLogEvent(1,LogMessage(error,	at play.core.server.DevServerStart$.mainDevHttpMode(DevServerStart.scala:50)))
Sending msg to client play-fork-run-1f346e42-fdf7-4fd2-a587-cb07cd06a6a9: BackgroundJobLogEvent(1,LogMessage(error,	at play.core.server.DevServerStart.mainDevHttpMode(DevServerStart.scala)))
Sending msg to client play-fork-run-1f346e42-fdf7-4fd2-a587-cb07cd06a6a9: BackgroundJobLogEvent(1,LogMessage(error,	... 19 more))
Sending msg to client play-fork-run-1f346e42-fdf7-4fd2-a587-cb07cd06a6a9: BackgroundJobLogEvent(1,LogMessage(error,Caused by: java.net.BindException: Address already in use: bind))
Sending msg to client play-fork-run-1f346e42-fdf7-4fd2-a587-cb07cd06a6a9: BackgroundJobLogEvent(1,LogMessage(error,	at sun.nio.ch.Net.bind0(Native Method)))
Sending msg to client play-fork-run-1f346e42-fdf7-4fd2-a587-cb07cd06a6a9: BackgroundJobLogEvent(1,LogMessage(error,	at sun.nio.ch.Net.bind(Unknown Source)))
Sending msg to client play-fork-run-1f346e42-fdf7-4fd2-a587-cb07cd06a6a9: BackgroundJobLogEvent(1,LogMessage(error,	at sun.nio.ch.Net.bind(Unknown Source)))
Sending msg to client play-fork-run-1f346e42-fdf7-4fd2-a587-cb07cd06a6a9: BackgroundJobLogEvent(1,LogMessage(error,	at sun.nio.ch.ServerSocketChannelImpl.bind(Unknown Source)))
Sending msg to client play-fork-run-1f346e42-fdf7-4fd2-a587-cb07cd06a6a9: BackgroundJobLogEvent(1,LogMessage(error,	at sun.nio.ch.ServerSocketAdaptor.bind(Unknown Source)))
Sending msg to client play-fork-run-1f346e42-fdf7-4fd2-a587-cb07cd06a6a9: BackgroundJobLogEvent(1,LogMessage(error,	at org.jboss.netty.channel.socket.nio.NioServerBoss$RegisterTask.run(NioServerBoss.java:193)))
Sending msg to client play-fork-run-1f346e42-fdf7-4fd2-a587-cb07cd06a6a9: BackgroundJobLogEvent(1,LogMessage(error,	at org.jboss.netty.channel.socket.nio.AbstractNioSelector.processTaskQueue(AbstractNioSelector.java:391)))
Sending msg to client play-fork-run-1f346e42-fdf7-4fd2-a587-cb07cd06a6a9: BackgroundJobLogEvent(1,LogMessage(error,	at org.jboss.netty.channel.socket.nio.AbstractNioSelector.run(AbstractNioSelector.java:315)))
Sending msg to client play-fork-run-1f346e42-fdf7-4fd2-a587-cb07cd06a6a9: BackgroundJobLogEvent(1,LogMessage(error,	at org.jboss.netty.channel.socket.nio.NioServerBoss.run(NioServerBoss.java:42)))
Sending msg to client play-fork-run-1f346e42-fdf7-4fd2-a587-cb07cd06a6a9: BackgroundJobLogEvent(1,LogMessage(error,	at org.jboss.netty.util.ThreadRenamingRunnable.run(ThreadRenamingRunnable.java:108)))
Sending msg to client play-fork-run-1f346e42-fdf7-4fd2-a587-cb07cd06a6a9: BackgroundJobLogEvent(1,LogMessage(error,	at org.jboss.netty.util.internal.DeadLockProofWorker$1.run(DeadLockProofWorker.java:42)))
Sending msg to client play-fork-run-1f346e42-fdf7-4fd2-a587-cb07cd06a6a9: BackgroundJobLogEvent(1,LogMessage(error,	at java.util.concurrent.ThreadPoolExecutor.runWorker(Unknown Source)))
Sending msg to client play-fork-run-1f346e42-fdf7-4fd2-a587-cb07cd06a6a9: BackgroundJobLogEvent(1,LogMessage(error,	at java.util.concurrent.ThreadPoolExecutor$Worker.run(Unknown Source)))
Sending msg to client play-fork-run-1f346e42-fdf7-4fd2-a587-cb07cd06a6a9: BackgroundJobLogEvent(1,LogMessage(error,	at java.lang.Thread.run(Unknown Source)))
Got request: UnlistenToEvents()
Reading next message from client.
Sending msg to client play-fork-run-1f346e42-fdf7-4fd2-a587-cb07cd06a6a9: (8,ReceivedResponse())
Got request: UnlistenToValue(AttributeKey[play.forkrun.protocol.ForkConfig]("playForkConfig") in Scope(Build: file:/C:/Users/Paul/Documents/GitHub/pandr/, , Project: ProjectReference(file:/C:/Users/Paul/Documents/GitHub/pandr/,root)))
Reading next message from client.
Client play-fork-run-1f346e42-fdf7-4fd2-a587-cb07cd06a6a9 EOF, shutting down.
Stopping client.
Dropping message (9,ReceivedResponse()) to dead client play-fork-run-1f346e42-fdf7-4fd2-a587-cb07cd06a6a9
Dropping message (0,ReceivedResponse()) to dead client play-fork-run-1f346e42-fdf7-4fd2-a587-cb07cd06a6a9
Client play-fork-run-1f346e42-fdf7-4fd2-a587-cb07cd06a6a9 thread exiting.
